<?xml version="1.0" encoding="UTF-8"?>
<testsuite name="com.kodilla.testing.shape.ShapeCollectorTestSuite" tests="4" skipped="0" failures="0" errors="0" timestamp="2019-01-03T16:43:26" hostname="ZenBook" time="0.007">
  <properties/>
  <testcase name="testGetShapeList" classname="com.kodilla.testing.shape.ShapeCollectorTestSuite" time="0.003"/>
  <testcase name="testRemoveFigure" classname="com.kodilla.testing.shape.ShapeCollectorTestSuite" time="0.001"/>
  <testcase name="testAddFigure" classname="com.kodilla.testing.shape.ShapeCollectorTestSuite" time="0.001"/>
  <testcase name="testGetFigure" classname="com.kodilla.testing.shape.ShapeCollectorTestSuite" time="0.001"/>
  <system-out><![CDATA[This is the beginning of tests.
Test Case: begin
Testing getShapeListSize
Test Case: end
Test Case: begin
Testing removeFigure
Test Case: end
Test Case: begin
Testing addFigure
Test Case: end
Test Case: begin
Testing getFigure
Test Case: end
All test are finished.
]]></system-out>
  <system-err><![CDATA[]]></system-err>
</testsuite>
